[    0.000000] Linux version 4.15.0-51-generic (buildd@lgw01-amd64-059) (gcc version 7.3.0 (Ubuntu 7.3.0-16ubuntu3)) #55-Ubuntu SMP Wed May 15 14:27:21 UTC 2019 (Ubuntu 4.15.0-51.55-generic 4.15.18)
[    0.000000] Command line: BOOT_IMAGE=/boot/vmlinuz-4.15.0-51-generic root=LABEL=cloudimg-rootfs ro console=tty1 console=ttyS0
[    0.000000] KERNEL supported cpus:
[    0.000000]   Intel GenuineIntel
[    0.000000]   AMD AuthenticAMD
[    0.000000]   Centaur CentaurHauls
[    0.000000] x86/fpu: Supporting XSAVE feature 0x001: 'x87 floating point registers'
[    0.000000] x86/fpu: Supporting XSAVE feature 0x002: 'SSE registers'
[    0.000000] x86/fpu: Supporting XSAVE feature 0x004: 'AVX registers'
[    0.000000] x86/fpu: xstate_offset[2]:  576, xstate_sizes[2]:  256
[    0.000000] x86/fpu: Enabled xstate features 0x7, context size is 832 bytes, using 'standard' format.
[    0.000000] e820: BIOS-provided physical RAM map:
[    0.000000] BIOS-e820: [mem 0x0000000000000000-0x000000000009fbff] usable
[    0.000000] BIOS-e820: [mem 0x000000000009fc00-0x000000000009ffff] reserved
[    0.000000] BIOS-e820: [mem 0x00000000000f0000-0x00000000000fffff] reserved
[    0.000000] BIOS-e820: [mem 0x0000000000100000-0x00000000dffeffff] usable
[    0.000000] BIOS-e820: [mem 0x00000000dfff0000-0x00000000dfffffff] ACPI data
[    0.000000] BIOS-e820: [mem 0x00000000fec00000-0x00000000fec00fff] reserved
[    0.000000] BIOS-e820: [mem 0x00000000fee00000-0x00000000fee00fff] reserved
[    0.000000] BIOS-e820: [mem 0x00000000fffc0000-0x00000000ffffffff] reserved
[    0.000000] BIOS-e820: [mem 0x0000000100000000-0x000000017c0fffff] usable
[    0.000000] NX (Execute Disable) protection: active
[    0.000000] SMBIOS 2.5 present.
[    0.000000] DMI: innotek GmbH VirtualBox/VirtualBox, BIOS VirtualBox 12/01/2006
[    0.000000] Hypervisor detected: KVM
[    0.000000] e820: last_pfn = 0x17c100 max_arch_pfn = 0x400000000
[    0.000000] MTRR: Disabled
[    0.000000] x86/PAT: MTRRs disabled, skipping PAT initialization too.
[    0.000000] CPU MTRRs all blank - virtualized system.
[    0.000000] x86/PAT: Configuration [0-7]: WB  WT  UC- UC  WB  WT  UC- UC  
[    0.000000] e820: last_pfn = 0xdfff0 max_arch_pfn = 0x400000000
[    0.000000] found SMP MP-table at [mem 0x0009fff0-0x0009ffff] mapped at [        (ptrval)]
[    0.000000] Scanning 1 areas for low memory corruption
[    0.000000] RAMDISK: [mem 0x35add000-0x36d65fff]
[    0.000000] ACPI: Early table checksum verification disabled
[    0.000000] ACPI: RSDP 0x00000000000E0000 000024 (v02 VBOX  )
[    0.000000] ACPI: XSDT 0x00000000DFFF0030 00003C (v01 VBOX   VBOXXSDT 00000001 ASL  00000061)
[    0.000000] ACPI: FACP 0x00000000DFFF00F0 0000F4 (v04 VBOX   VBOXFACP 00000001 ASL  00000061)
[    0.000000] ACPI: DSDT 0x00000000DFFF0470 0022EA (v02 VBOX   VBOXBIOS 00000002 INTL 20100528)
[    0.000000] ACPI: FACS 0x00000000DFFF0200 000040
[    0.000000] ACPI: FACS 0x00000000DFFF0200 000040
[    0.000000] ACPI: APIC 0x00000000DFFF0240 00005C (v02 VBOX   VBOXAPIC 00000001 ASL  00000061)
[    0.000000] ACPI: SSDT 0x00000000DFFF02A0 0001CC (v01 VBOX   VBOXCPUT 00000002 INTL 20100528)
[    0.000000] No NUMA configuration found
[    0.000000] Faking a node at [mem 0x0000000000000000-0x000000017c0fffff]
[    0.000000] NODE_DATA(0) allocated [mem 0x17c0d5000-0x17c0fffff]
[    0.000000] kvm-clock: cpu 0, msr 1:7c054001, primary cpu clock
[    0.000000] kvm-clock: Using msrs 4b564d01 and 4b564d00
[    0.000000] kvm-clock: using sched offset of 3429388295 cycles
[    0.000000] clocksource: kvm-clock: mask: 0xffffffffffffffff max_cycles: 0x1cd42e4dffb, max_idle_ns: 881590591483 ns
[    0.000000] Zone ranges:
[    0.000000]   DMA      [mem 0x0000000000001000-0x0000000000ffffff]
[    0.000000]   DMA32    [mem 0x0000000001000000-0x00000000ffffffff]
[    0.000000]   Normal   [mem 0x0000000100000000-0x000000017c0fffff]
[    0.000000]   Device   empty
[    0.000000] Movable zone start for each node
[    0.000000] Early memory node ranges
[    0.000000]   node   0: [mem 0x0000000000001000-0x000000000009efff]
[    0.000000]   node   0: [mem 0x0000000000100000-0x00000000dffeffff]
[    0.000000]   node   0: [mem 0x0000000100000000-0x000000017c0fffff]
[    0.000000] Reserved but unavailable: 114 pages
[    0.000000] Initmem setup node 0 [mem 0x0000000000001000-0x000000017c0fffff]
[    0.000000] ACPI: PM-Timer IO Port: 0x4008
[    0.000000] IOAPIC[0]: apic_id 2, version 32, address 0xfec00000, GSI 0-23
[    0.000000] ACPI: INT_SRC_OVR (bus 0 bus_irq 0 global_irq 2 dfl dfl)
[    0.000000] ACPI: INT_SRC_OVR (bus 0 bus_irq 9 global_irq 9 low level)
[    0.000000] Using ACPI (MADT) for SMP configuration information
[    0.000000] smpboot: Allowing 2 CPUs, 0 hotplug CPUs
[    0.000000] PM: Registered nosave memory: [mem 0x00000000-0x00000fff]
[    0.000000] PM: Registered nosave memory: [mem 0x0009f000-0x0009ffff]
[    0.000000] PM: Registered nosave memory: [mem 0x000a0000-0x000effff]
[    0.000000] PM: Registered nosave memory: [mem 0x000f0000-0x000fffff]
[    0.000000] PM: Registered nosave memory: [mem 0xdfff0000-0xdfffffff]
[    0.000000] PM: Registered nosave memory: [mem 0xe0000000-0xfebfffff]
[    0.000000] PM: Registered nosave memory: [mem 0xfec00000-0xfec00fff]
[    0.000000] PM: Registered nosave memory: [mem 0xfec01000-0xfedfffff]
[    0.000000] PM: Registered nosave memory: [mem 0xfee00000-0xfee00fff]
[    0.000000] PM: Registered nosave memory: [mem 0xfee01000-0xfffbffff]
[    0.000000] PM: Registered nosave memory: [mem 0xfffc0000-0xffffffff]
[    0.000000] e820: [mem 0xe0000000-0xfebfffff] available for PCI devices
[    0.000000] Booting paravirtualized kernel on KVM
[    0.000000] clocksource: refined-jiffies: mask: 0xffffffff max_cycles: 0xffffffff, max_idle_ns: 7645519600211568 ns
[    0.000000] random: get_random_bytes called from start_kernel+0x99/0x4fd with crng_init=0
[    0.000000] setup_percpu: NR_CPUS:8192 nr_cpumask_bits:2 nr_cpu_ids:2 nr_node_ids:1
[    0.000000] percpu: Embedded 46 pages/cpu @        (ptrval) s151552 r8192 d28672 u1048576
[    0.000000] PV qspinlock hash table entries: 256 (order: 0, 4096 bytes)
[    0.000000] Built 1 zonelists, mobility grouping on.  Total pages: 1403253
[    0.000000] Policy zone: Normal
[    0.000000] Kernel command line: BOOT_IMAGE=/boot/vmlinuz-4.15.0-51-generic root=LABEL=cloudimg-rootfs ro console=tty1 console=ttyS0
[    0.000000] Memory: 5498004K/5702200K available (12300K kernel code, 2473K rwdata, 4272K rodata, 2408K init, 2416K bss, 204196K reserved, 0K cma-reserved)
[    0.000000] SLUB: HWalign=64, Order=0-3, MinObjects=0, CPUs=2, Nodes=1
[    0.000000] Kernel/User page tables isolation: enabled
[    0.000000] ftrace: allocating 39215 entries in 154 pages
[    0.004000] Hierarchical RCU implementation.
[    0.004000] 	RCU restricting CPUs from NR_CPUS=8192 to nr_cpu_ids=2.
[    0.004000] 	Tasks RCU enabled.
[    0.004000] RCU: Adjusting geometry for rcu_fanout_leaf=16, nr_cpu_ids=2
[    0.004000] NR_IRQS: 524544, nr_irqs: 440, preallocated irqs: 16
[    0.004000] Console: colour VGA+ 80x25
[    0.004000] console [tty1] enabled
[    0.004000] console [ttyS0] enabled
[    0.004000] ACPI: Core revision 20170831
[    0.004000] ACPI: 2 ACPI AML tables successfully acquired and loaded
[    0.004000] APIC: Switch to symmetric I/O mode setup
[    0.004000] x2apic enabled
[    0.004000] Switched APIC routing to physical x2apic.
[    0.004000] ..TIMER: vector=0x30 apic1=0 pin1=2 apic2=-1 pin2=-1
[    0.004003] tsc: Detected 2711.998 MHz processor
[    0.004834] Calibrating delay loop (skipped) preset value.. 5423.99 BogoMIPS (lpj=10847992)
[    0.005799] pid_max: default: 32768 minimum: 301
[    0.008026] Security Framework initialized
[    0.008775] Yama: becoming mindful.
[    0.009422] AppArmor: AppArmor initialized
[    0.013190] Dentry cache hash table entries: 1048576 (order: 11, 8388608 bytes)
[    0.018206] Inode-cache hash table entries: 524288 (order: 10, 4194304 bytes)
[    0.019781] Mount-cache hash table entries: 16384 (order: 5, 131072 bytes)
[    0.020010] Mountpoint-cache hash table entries: 16384 (order: 5, 131072 bytes)
[    0.022507] mce: CPU supports 0 MCE banks
[    0.024014] Last level iTLB entries: 4KB 64, 2MB 8, 4MB 8
[    0.024930] Last level dTLB entries: 4KB 64, 2MB 0, 4MB 0, 1GB 4
[    0.026047] Spectre V2 : Mitigation: Full generic retpoline
[    0.027019] Spectre V2 : Spectre v2 / SpectreRSB mitigation: Filling RSB on context switch
[    0.028001] Speculative Store Bypass: Vulnerable
[    0.028852] MDS: Mitigation: Clear CPU buffers
[    0.029699] Freeing SMP alternatives memory: 36K
[    0.036000] smpboot: CPU0: Intel(R) Core(TM) i7-8559U CPU @ 2.70GHz (family: 0x6, model: 0x8e, stepping: 0xa)
[    0.036000] Performance Events: unsupported p6 CPU model 142 no PMU driver, software events only.
[    0.036000] Hierarchical SRCU implementation.
[    0.036594] NMI watchdog: Perf event create on CPU 0 failed with -2
[    0.038686] NMI watchdog: Perf NMI watchdog permanently disabled
[    0.041085] smp: Bringing up secondary CPUs ...
[    0.041965] x86: Booting SMP configuration:
[    0.042749] .... node  #0, CPUs:      #1
[    0.004000] kvm-clock: cpu 1, msr 1:7c054041, secondary cpu clock
[    0.004000] mce: CPU supports 0 MCE banks
[    0.047592] smp: Brought up 1 node, 2 CPUs
[    0.048004] smpboot: Max logical packages: 1
[    0.049136] smpboot: Total of 2 processors activated (10847.99 BogoMIPS)
[    0.050529] devtmpfs: initialized
[    0.052037] x86/mm: Memory block size: 128MB
[    0.053086] evm: security.selinux
[    0.053713] evm: security.SMACK64
[    0.054543] evm: security.SMACK64EXEC
[    0.055191] evm: security.SMACK64TRANSMUTE
[    0.056002] evm: security.SMACK64MMAP
[    0.056650] evm: security.apparmor
[    0.057293] evm: security.ima
[    0.057870] evm: security.capability
[    0.060084] clocksource: jiffies: mask: 0xffffffff max_cycles: 0xffffffff, max_idle_ns: 7645041785100000 ns
[    0.061774] futex hash table entries: 512 (order: 3, 32768 bytes)
[    0.062879] pinctrl core: initialized pinctrl subsystem
[    0.064042] RTC time:  9:44:50, date: 07/25/19
[    0.065061] NET: Registered protocol family 16
[    0.066146] audit: initializing netlink subsys (disabled)
[    0.067714] audit: type=2000 audit(1564047895.795:1): state=initialized audit_enabled=0 res=1
[    0.068014] cpuidle: using governor ladder
[    0.068754] cpuidle: using governor menu
[    0.069501] ACPI: bus type PCI registered
[    0.070352] acpiphp: ACPI Hot Plug PCI Controller Driver version: 0.5
[    0.072094] PCI: Using configuration type 1 for base access
[    0.073088] HugeTLB registered 2.00 MiB page size, pre-allocated 0 pages
[    0.076084] ACPI: Added _OSI(Module Device)
[    0.076974] ACPI: Added _OSI(Processor Device)
[    0.077771] ACPI: Added _OSI(3.0 _SCP Extensions)
[    0.078619] ACPI: Added _OSI(Processor Aggregator Device)
[    0.079557] ACPI: Added _OSI(Linux-Dell-Video)
[    0.080002] ACPI: Added _OSI(Linux-Lenovo-NV-HDMI-Audio)
[    0.080912] ACPI: Added _OSI(Linux-HPI-Hybrid-Graphics)
[    0.082930] ACPI: Executed 1 blocks of module-level executable AML code
[    0.086540] ACPI: Interpreter enabled
[    0.088012] ACPI: (supports S0 S5)
[    0.088667] ACPI: Using IOAPIC for interrupt routing
[    0.089717] PCI: Using host bridge windows from ACPI; if necessary, use "pci=nocrs" and report a bug
[    0.091459] ACPI: Enabled 2 GPEs in block 00 to 07
[    0.098638] ACPI: PCI Root Bridge [PCI0] (domain 0000 [bus 00-ff])
[    0.100006] acpi PNP0A03:00: _OSC: OS supports [ASPM ClockPM Segments MSI]
[    0.101646] acpi PNP0A03:00: _OSC: not requesting OS control; OS requires [ExtendedConfig ASPM ClockPM MSI]
[    0.104053] acpi PNP0A03:00: fail to add MMCONFIG information, can't access extended PCI configuration space under this bridge.
[    0.107269] PCI host bridge to bus 0000:00
[    0.108005] pci_bus 0000:00: root bus resource [io  0x0000-0x0cf7 window]
[    0.109172] pci_bus 0000:00: root bus resource [io  0x0d00-0xffff window]
[    0.110339] pci_bus 0000:00: root bus resource [mem 0x000a0000-0x000bffff window]
[    0.112002] pci_bus 0000:00: root bus resource [mem 0xe0000000-0xfdffffff window]
[    0.113316] pci_bus 0000:00: root bus resource [bus 00-ff]
[    0.117558] pci 0000:00:01.1: legacy IDE quirk: reg 0x10: [io  0x01f0-0x01f7]
[    0.118890] pci 0000:00:01.1: legacy IDE quirk: reg 0x14: [io  0x03f6]
[    0.120000] pci 0000:00:01.1: legacy IDE quirk: reg 0x18: [io  0x0170-0x0177]
[    0.120002] pci 0000:00:01.1: legacy IDE quirk: reg 0x1c: [io  0x0376]
[    0.156529] pci 0000:00:07.0: quirk: [io  0x4000-0x403f] claimed by PIIX4 ACPI
[    0.158445] pci 0000:00:07.0: quirk: [io  0x4100-0x410f] claimed by PIIX4 SMB
[    0.180000] ACPI: PCI Interrupt Link [LNKA] (IRQs 5 9 10 *11)
[    0.180245] ACPI: PCI Interrupt Link [LNKB] (IRQs 5 9 *10 11)
[    0.181331] ACPI: PCI Interrupt Link [LNKC] (IRQs 5 *9 10 11)
[    0.184123] ACPI: PCI Interrupt Link [LNKD] (IRQs 5 9 10 *11)
[    0.185921] SCSI subsystem initialized
[    0.188023] pci 0000:00:02.0: vgaarb: setting as boot VGA device
[    0.189082] pci 0000:00:02.0: vgaarb: VGA device added: decodes=io+mem,owns=io+mem,locks=none
[    0.190579] pci 0000:00:02.0: vgaarb: bridge control possible
[    0.192009] vgaarb: loaded
[    0.192860] ACPI: bus type USB registered
[    0.193597] usbcore: registered new interface driver usbfs
[    0.194775] usbcore: registered new interface driver hub
[    0.196016] usbcore: registered new device driver usb
[    0.196994] EDAC MC: Ver: 3.0.0
[    0.196994] PCI: Using ACPI for IRQ routing
[    0.197085] NetLabel: Initializing
[    0.200005] NetLabel:  domain hash size = 128
[    0.200786] NetLabel:  protocols = UNLABELED CIPSOv4 CALIPSO
[    0.201784] NetLabel:  unlabeled traffic allowed by default
[    0.202770] clocksource: Switched to clocksource kvm-clock
[    0.211767] VFS: Disk quotas dquot_6.6.0
[    0.212868] VFS: Dquot-cache hash table entries: 512 (order 0, 4096 bytes)
[    0.214165] AppArmor: AppArmor Filesystem Enabled
[    0.215328] pnp: PnP ACPI init
[    0.217284] pnp: PnP ACPI: found 3 devices
[    0.225810] clocksource: acpi_pm: mask: 0xffffff max_cycles: 0xffffff, max_idle_ns: 2085701024 ns
[    0.228112] NET: Registered protocol family 2
[    0.229321] TCP established hash table entries: 65536 (order: 7, 524288 bytes)
[    0.230669] TCP bind hash table entries: 65536 (order: 8, 1048576 bytes)
[    0.232918] TCP: Hash tables configured (established 65536 bind 65536)
[    0.234117] UDP hash table entries: 4096 (order: 5, 131072 bytes)
[    0.235182] UDP-Lite hash table entries: 4096 (order: 5, 131072 bytes)
[    0.236363] NET: Registered protocol family 1
[    0.237505] pci 0000:00:00.0: Limiting direct PCI/PCI transfers
[    0.238645] pci 0000:00:01.0: Activating ISA DMA hang workarounds
[    0.239763] pci 0000:00:02.0: Video device with shadowed ROM at [mem 0x000c0000-0x000dffff]
[    0.241540] Unpacking initramfs...
[    0.463747] Freeing initrd memory: 18980K
[    0.464978] PCI-DMA: Using software bounce buffering for IO (SWIOTLB)
[    0.466091] software IO TLB [mem 0xdbff0000-0xdfff0000] (64MB) mapped at [        (ptrval)-        (ptrval)]
[    0.467818] clocksource: tsc: mask: 0xffffffffffffffff max_cycles: 0x27178451938, max_idle_ns: 440795251172 ns
[    0.469635] platform rtc_cmos: registered platform RTC device (no PNP device found)
[    0.470966] Scanning for low memory corruption every 60 seconds
[    0.472655] Initialise system trusted keyrings
[    0.474265] Key type blacklist registered
[    0.475030] workingset: timestamp_bits=36 max_order=21 bucket_order=0
[    0.476881] zbud: loaded
[    0.477746] squashfs: version 4.0 (2009/01/31) Phillip Lougher
[    0.478974] fuse init (API version 7.26)
[    0.482824] Key type asymmetric registered
[    0.483575] Asymmetric key parser 'x509' registered
[    0.484792] Block layer SCSI generic (bsg) driver version 0.4 loaded (major 246)
[    0.486229] io scheduler noop registered
[    0.486944] io scheduler deadline registered
[    0.487733] io scheduler cfq registered (default)
[    0.489269] ACPI: AC Adapter [AC] (on-line)
[    0.490060] input: Power Button as /devices/LNXSYSTM:00/LNXPWRBN:00/input/input0
[    0.491405] ACPI: Power Button [PWRF]
[    0.492148] input: Sleep Button as /devices/LNXSYSTM:00/LNXSLPBN:00/input/input1
[    0.493456] ACPI: Sleep Button [SLPF]
[    0.495250] ACPI: Battery Slot [BAT0] (battery present)
[    0.496915] Serial: 8250/16550 driver, 32 ports, IRQ sharing enabled
[    0.518564] 00:02: ttyS0 at I/O 0x3f8 (irq = 4, base_baud = 115200) is a 16550A
[    0.522559] Linux agpgart interface v0.103
[    0.524575] loop: module loaded
[    0.525606] scsi host0: ata_piix
[    0.526402] scsi host1: ata_piix
[    0.527018] ata1: PATA max UDMA/33 cmd 0x1f0 ctl 0x3f6 bmdma 0xd000 irq 14
[    0.528172] ata2: PATA max UDMA/33 cmd 0x170 ctl 0x376 bmdma 0xd008 irq 15
[    0.530385] libphy: Fixed MDIO Bus: probed
[    0.531123] tun: Universal TUN/TAP device driver, 1.6
[    0.532241] PPP generic driver version 2.4.2
[    0.533059] ehci_hcd: USB 2.0 'Enhanced' Host Controller (EHCI) Driver
[    0.534357] ehci-pci: EHCI PCI platform driver
[    0.535193] ehci-platform: EHCI generic platform driver
[    0.536172] ohci_hcd: USB 1.1 'Open' Host Controller (OHCI) Driver
[    0.537281] ohci-pci: OHCI PCI platform driver
[    0.538058] ohci-platform: OHCI generic platform driver
[    0.538955] uhci_hcd: USB Universal Host Controller Interface driver
[    0.540055] i8042: PNP: PS/2 Controller [PNP0303:PS2K,PNP0f03:PS2M] at 0x60,0x64 irq 1,12
[    0.541844] serio: i8042 KBD port at 0x60,0x64 irq 1
[    0.542726] serio: i8042 AUX port at 0x60,0x64 irq 12
[    0.543807] mousedev: PS/2 mouse device common for all mice
[    0.546269] input: AT Translated Set 2 keyboard as /devices/platform/i8042/serio0/input/input2
[    0.547936] rtc_cmos rtc_cmos: rtc core: registered rtc_cmos as rtc0
[    0.549195] rtc_cmos rtc_cmos: alarms up to one day, 114 bytes nvram
[    0.550334] i2c /dev entries driver
[    0.550992] device-mapper: uevent: version 1.0.3
[    0.551892] device-mapper: ioctl: 4.37.0-ioctl (2017-09-20) initialised: dm-devel@redhat.com
[    0.553449] ledtrig-cpu: registered to indicate activity on CPUs
[    0.555047] NET: Registered protocol family 10
[    0.559789] Segment Routing with IPv6
[    0.560513] NET: Registered protocol family 17
[    0.561342] Key type dns_resolver registered
[    0.562277] RAS: Correctable Errors collector initialized.
[    0.563557] sched_clock: Marking stable (562252442, 0)->(922913805, -360661363)
[    0.565445] registered taskstats version 1
[    0.566211] Loading compiled-in X.509 certificates
[    0.568552] Loaded X.509 cert 'Build time autogenerated kernel key: c1fa4cde9d34780ae4ae655b856adc042b663c06'
[    0.570377] zswap: loaded using pool lzo/zbud
[    0.573627] Key type big_key registered
[    0.574641] Key type trusted registered
[    0.576547] Key type encrypted registered
[    0.577260] AppArmor: AppArmor sha1 policy hashing enabled
[    0.578199] ima: No TPM chip found, activating TPM-bypass! (rc=-19)
[    0.579259] ima: Allocated hash algorithm: sha1
[    0.580052] evm: HMAC attrs: 0x1
[    0.580967]   Magic number: 11:522:728
[    0.581701] rtc_cmos rtc_cmos: setting system clock to 2019-07-25 09:44:51 UTC (1564047891)
[    0.583204] BIOS EDD facility v0.16 2004-Jun-25, 0 devices found
[    0.584275] EDD information not available.
[    0.693302] Freeing unused kernel image memory: 2408K
[    0.700864] Write protecting the kernel read-only data: 20480k
[    0.704540] Freeing unused kernel image memory: 2008K
[    0.706169] Freeing unused kernel image memory: 1872K
[    0.711823] x86/mm: Checked W+X mappings: passed, no W+X pages found.
[    0.713204] x86/mm: Checking user space page tables
[    0.718134] x86/mm: Checked W+X mappings: passed, no W+X pages found.
Loading, please wait...
starting version 237
[    0.767711] Fusion MPT base driver 3.04.20
[    0.768834] Copyright (c) 1999-2008 LSI Corporation
[    0.774586] Fusion MPT SPI Host driver 3.04.20
[    0.776022] e1000: Intel(R) PRO/1000 Network Driver - version 7.3.21-k8-NAPI
[    0.777432] e1000: Copyright (c) 1999-2006 Intel Corporation.
[    0.789931] AVX2 version of gcm_enc/dec engaged.
[    0.791099] AES CTR mode by8 optimization enabled
[    0.985726] input: ImExPS/2 Generic Explorer Mouse as /devices/platform/i8042/serio1/input/input4
[    1.175678] e1000 0000:00:03.0 eth0: (PCI:33MHz:32-bit) 02:06:b1:f3:7b:7f
[    1.177310] e1000 0000:00:03.0 eth0: Intel(R) PRO/1000 Network Connection
[    1.179267] mptbase: ioc0: Initiating bringup
[    1.272562] ioc0: LSI53C1030 A0: Capabilities={Initiator}
[    1.515300] scsi host2: ioc0: LSI53C1030 A0, FwRev=00000000h, Ports=1, MaxQ=256, IRQ=20
[    1.685055] scsi 2:0:0:0: Direct-Access     VBOX     HARDDISK         1.0  PQ: 0 ANSI: 5
[    1.716101] scsi target2:0:0: Beginning Domain Validation
[    1.719531] scsi target2:0:0: Domain Validation skipping write tests
[    1.721105] scsi target2:0:0: Ending Domain Validation
[    1.722722] scsi target2:0:0: asynchronous
[    1.733640] scsi 2:0:1:0: Direct-Access     VBOX     HARDDISK         1.0  PQ: 0 ANSI: 5
[    1.772841] scsi target2:0:1: Beginning Domain Validation
[    1.796994] random: fast init done
[    1.798042] scsi target2:0:1: Domain Validation skipping write tests
[    1.799166] scsi target2:0:1: Ending Domain Validation
[    1.800142] scsi target2:0:1: asynchronous
[    1.805232] random: systemd-udevd: uninitialized urandom read (16 bytes read)
[    1.807022] random: systemd-udevd: uninitialized urandom read (16 bytes read)
[    1.808285] random: systemd-udevd: uninitialized urandom read (16 bytes read)
[    1.809642] sd 2:0:0:0: Attached scsi generic sg0 type 0
[    1.810688] sd 2:0:1:0: Attached scsi generic sg1 type 0
[    1.812718] sd 2:0:0:0: [sda] 20971520 512-byte logical blocks: (10.7 GB/10.0 GiB)
[    1.814213] sd 2:0:0:0: [sda] Write Protect is off
[    1.815525] sd 2:0:0:0: [sda] Incomplete mode parameter data
[    1.816615] sd 2:0:0:0: [sda] Assuming drive cache: write through
[    1.818413]  sda: sda1
[    1.819284] sd 2:0:0:0: [sda] Attached SCSI disk
[    1.821847] sd 2:0:1:0: [sdb] 20480 512-byte logical blocks: (10.5 MB/10.0 MiB)
[    1.827771] sd 2:0:1:0: [sdb] Write Protect is off
[    1.829063] sd 2:0:1:0: [sdb] Incomplete mode parameter data
[    1.830078] sd 2:0:1:0: [sdb] Assuming drive cache: write through
[    1.834327] sd 2:0:1:0: [sdb] Attached SCSI disk
[    2.096163] e1000 0000:00:08.0 eth1: (PCI:33MHz:32-bit) 08:00:27:c2:8d:b1
[    2.097966] e1000 0000:00:08.0 eth1: Intel(R) PRO/1000 Network Connection
[    2.100244] e1000 0000:00:08.0 enp0s8: renamed from eth1
[    2.117324] e1000 0000:00:03.0 enp0s3: renamed from eth0
Begin: Loading essential drivers ... [    3.488500] raid6: sse2x1   gen() 15363 MB/s
[    3.536158] raid6: sse2x1   xor() 10978 MB/s
[    3.593356] raid6: sse2x2   gen() 22900 MB/s
[    3.642016] raid6: sse2x2   xor() 11649 MB/s
[    3.688666] raid6: sse2x4   gen() 21441 MB/s
[    3.738885] raid6: sse2x4   xor() 14653 MB/s
[    3.788459] raid6: avx2x1   gen() 31277 MB/s
[    3.836390] raid6: avx2x1   xor() 20991 MB/s
[    3.884301] raid6: avx2x2   gen() 34276 MB/s
[    3.935424] raid6: avx2x2   xor() 20146 MB/s
[    3.984269] raid6: avx2x4   gen() 37844 MB/s
[    4.032129] raid6: avx2x4   xor() 23163 MB/s
[    4.033282] raid6: using algorithm avx2x4 gen() 37844 MB/s
[    4.034220] raid6: .... xor() 23163 MB/s, rmw enabled
[    4.035087] raid6: using avx2x2 recovery algorithm
[    4.037530] xor: automatically using best checksumming function   avx       
[    4.040516] async_tx: api initialized (async)
done.
Begin: Running /scripts/init-premount ... done.
Begin: Mounting root file system ... Begin: Running /scripts/local-top ... done.
Begin: Running /scripts/local-premount ... [    4.076784] Btrfs loaded, crc32c=crc32c-intel
Scanning for Btrfs filesystems
done.
Warning: fsck not present, so skipping root file system
[    4.093076] EXT4-fs (sda1): mounted filesystem with ordered data mode. Opts: (null)
done.
Begin: Running /scripts/local-bottom ... done.
Begin: Running /scripts/init-bottom ... done.
[    4.195379] ip_tables: (C) 2000-2006 Netfilter Core Team
[    4.200062] systemd[1]: systemd 237 running in system mode. (+PAM +AUDIT +SELINUX +IMA +APPARMOR +SMACK +SYSVINIT +UTMP +LIBCRYPTSETUP +GCRYPT +GNUTLS +ACL +XZ +LZ4 +SECCOMP +BLKID +ELFUTILS +KMOD -IDN2 +IDN -PCRE2 default-hierarchy=hybrid)
[    4.203782] systemd[1]: Detected virtualization oracle.
[    4.204801] systemd[1]: Detected architecture x86-64.

Welcome to [1mUbuntu 18.04.2 LTS[0m!

[    4.209005] systemd[1]: Set hostname to <ubuntu>.
[    4.213277] systemd[1]: Initializing machine ID from random generator.
[    4.214466] systemd[1]: Installed transient /etc/machine-id file.
[    4.323316] systemd[1]: Started Forward Password Requests to Wall Directory Watch.
[[0;32m  OK  [0m] Started Forward Password Requests to Wall Directory Watch.
[    4.326794] systemd[1]: Created slice User and Session Slice.
[[0;32m  OK  [0m] Created slice User and Session Slice.
[    4.328553] systemd[1]: Reached target System Time Synchronized.
[[0;32m  OK  [0m] Reached target System Time Synchronized.
[    4.330471] systemd[1]: Reached target User and Group Name Lookups.
[[0;32m  OK  [0m] Reached target User and Group Name Lookups.
[[0;32m  OK  [0m] Created slice System Slice.
[[0;32m  OK  [0m] Listening on /dev/initctl Compatibility Named Pipe.
[[0;32m  OK  [0m] Listening on udev Kernel Socket.
[[0;32m  OK  [0m] Listening on Journal Socket (/dev/log).
[[0;32m  OK  [0m] Listening on Device-mapper event daemon FIFOs.
[[0;32m  OK  [0m] Listening on LVM2 poll daemon socket.
[[0;32m  OK  [0m] Reached target Slices.
[[0;32m  OK  [0m] Listening on Journal Audit Socket.
[[0;32m  OK  [0m] Listening on LVM2 metadata daemon socket.
[[0;32m  OK  [0m] Reached target Swap.
[[0;32m  OK  [0m] Set up automount Arbitrary Executab…rmats File System Automount Point.
[[0;32m  OK  [0m] Listening on Network Service Netlink Socket.
[[0;32m  OK  [0m] Listening on udev Control Socket.
[[0;32m  OK  [0m] Created slice system-serial\x2dgetty.slice.
[[0;32m  OK  [0m] Listening on Syslog Socket.
[[0;32m  OK  [0m] Listening on Journal Socket.
         Starting Monitoring of LVM2 mirrors…ng dmeventd or progress polling...
         Mounting Huge Pages File System...
         Starting Uncomplicated firewall...
         Starting Remount Root and Kernel File Systems...
         Starting Journal Service...
         Starting udev Coldplug all Devices...
         Mounting POSIX Message Queue File System...
         Starting Set the console keyboard layout...
         Starting Create list of required st…ce nodes for the current kernel...
         Mounting Kernel Debug File System...
         Starting Load Kernel Modules...
[[0;32m  OK  [0m] Mounted Huge Pages File System.
[[0;32m  OK  [0m] Started Journal Service.
[    4.430854] EXT4-fs (sda1): re-mounted. Opts: (null)
[[0;32m  OK  [0m] Started Uncomplicated firewall.
[    4.441567] Loading iSCSI transport class v2.0-870.
[    4.448238] iscsi: registered transport (tcp)
[[0;32m  OK  [0m] Started Remount Root and Kernel File Systems.
[[0;32m  OK  [0m] Mounted POSIX Message Queue File System.
[[0;32m  OK  [0m] Started Create list of required sta…vice nodes for the current kernel.
[[0;32m  OK  [0m] Mounted Kernel Debug File System.
[    4.461926] iscsi: registered transport (iser)
[[0;32m  OK  [0m] Started Load Kernel Modules.
[[0;32m  OK  [0m] Started LVM2 metadata daemon.
         Mounting FUSE Control File System...
         Starting Apply Kernel Variables...
         Mounting Kernel Configuration File System...
         Starting Create Static Device Nodes in /dev...
         Starting Load/Save Random Seed...
         Starting Flush Journal to Persistent Storage...
[[0;32m  OK  [0m] Started Monitoring of LVM2 mirrors,…sing dmeventd or progress polling.
[[0;32m  OK  [0m] Started udev Coldplug all Devices.
[[0;32m  OK  [0m] Mounted FUSE Control File System.
[[0;32m  OK  [0m] Mounted Kernel Configuration File System.
[[0;32m  OK  [0m] Started Create Static Device Nodes in /dev.
         Starting udev Kernel Device Manager...
[[0;32m  OK  [0m] Started Load/Save Random Seed.
[[0;32m  OK  [0m] Started udev Kernel Device Manager.
[[0;32m  OK  [0m] Started Apply Kernel Variables.
[[0;32m  OK  [0m] Started Flush Journal to Persistent Storage.
[[0;32m  OK  [0m] Started Set the console keyboard layout.
[[0;32m  OK  [0m] Reached target Local File Systems (Pre).
[[0;32m  OK  [0m] Reached target Local File Systems.
         Starting AppArmor initialization...
         Starting Commit a transient machine-id on disk...
         Starting Create Volatile Files and Directories...
         Starting Tell Plymouth To Write Out Runtime Data...
         Starting ebtables ruleset management...
         Starting Set console font and keymap...
[[0;32m  OK  [0m] Started Dispatch Password Requests to Console Directory Watch.
[[0;32m  OK  [0m] Reached target Local Encrypted Volumes.
[[0;32m  OK  [0m] Started Create Volatile Files and Directories.
[[0;32m  OK  [0m] Started Tell Plymouth To Write Out Runtime Data.
[[0;32m  OK  [0m] Started Set console font and keymap.
[[0;32m  OK  [0m] Started Commit a transient machine-id on disk.
[[0;32m  OK  [0m] Found device /dev/ttyS0.
[[0;32m  OK  [0m] Started ebtables ruleset management.
         Starting Update UTMP about System Boot/Shutdown...
[[0;32m  OK  [0m] Listening on Load/Save RF Kill Switch Status /dev/rfkill Watch.
[[0;32m  OK  [0m] Started Update UTMP about System Boot/Shutdown.
[[0;32m  OK  [0m] Started AppArmor initialization.
         Starting Initial cloud-init job (pre-networking)...
[    5.852554] cloud-init[549]: Cloud-init v. 19.1-1-gbaa47854-0ubuntu1~18.04.1 running 'init-local' at Thu, 25 Jul 2019 09:44:56 +0000. Up 5.60 seconds.
[[0;32m  OK  [0m] Started Initial cloud-init job (pre-networking).
[[0;32m  OK  [0m] Reached target Network (Pre).
         Starting Network Service...
[[0;32m  OK  [0m] Started Network Service.
         Starting Network Name Resolution...
         Starting Wait for Network to be Configured...
[[0;32m  OK  [0m] Started Network Name Resolution.
[[0;32m  OK  [0m] Reached target Host and Network Name Lookups.
[[0;32m  OK  [0m] Reached target Network.
[[0;32m  OK  [0m] Started Wait for Network to be Configured.
         Starting Initial cloud-init job (metadata service crawler)...
[    7.810780] cloud-init[662]: Cloud-init v. 19.1-1-gbaa47854-0ubuntu1~18.04.1 running 'init' at Thu, 25 Jul 2019 09:44:58 +0000. Up 7.72 seconds.
[    7.812018] cloud-init[662]: ci-info: ++++++++++++++++++++++++++++++++++++++Net device info++++++++++++++++++++++++++++++++++++++
[    7.813215] cloud-init[662]: ci-info: +--------+-------+---------------------------+---------------+--------+-------------------+
[    7.815150] cloud-init[662]: ci-info: | Device |   Up  |          Address          |      Mask     | Scope  |     Hw-Address    |
[    7.816997] cloud-init[662]: ci-info: +--------+-------+---------------------------+---------------+--------+-------------------+
[    7.818387] cloud-init[662]: ci-info: | enp0s3 |  True |         10.0.2.15         | 255.255.255.0 | global | 02:06:b1:f3:7b:7f |
[    7.820353] cloud-init[662]: ci-info: | enp0s3 |  True | fe80::6:b1ff:fef3:7b7f/64 |       .       |  link  | 02:06:b1:f3:7b:7f |
[    7.822299] cloud-init[662]: ci-info: | enp0s8 | False |             .             |       .       |   .    | 08:00:27:c2:8d:b1 |
[    7.824100] cloud-init[662]: ci-info: |   lo   |  True |         127.0.0.1         |   255.0.0.0   |  host  |         .         |
[    7.836266] cloud-init[662]: ci-info: |   lo   |  True |          ::1/128          |       .       |  host  |         .         |
[    7.848210] cloud-init[662]: ci-info: +--------+-------+---------------------------+---------------+--------+-------------------+
[    7.860249] cloud-init[662]: ci-info: ++++++++++++++++++++++++++++Route IPv4 info+++++++++++++++++++++++++++++
[    7.862016] cloud-init[662]: ci-info: +-------+-------------+----------+-----------------+-----------+-------+
[    7.863558] cloud-init[662]: ci-info: | Route | Destination | Gateway  |     Genmask     | Interface | Flags |
[    7.865414] cloud-init[662]: ci-info: +-------+-------------+----------+-----------------+-----------+-------+
[    7.866419] cloud-init[662]: ci-info: |   0   |   0.0.0.0   | 10.0.2.2 |     0.0.0.0     |   enp0s3  |   UG  |
[    7.867961] cloud-init[662]: ci-info: |   1   |   10.0.2.0  | 0.0.0.0  |  255.255.255.0  |   enp0s3  |   U   |
[    7.869055] cloud-init[662]: ci-info: |   2   |   10.0.2.2  | 0.0.0.0  | 255.255.255.255 |   enp0s3  |   UH  |
[    7.869973] cloud-init[662]: ci-info: +-------+-------------+----------+-----------------+-----------+-------+
[    7.880194] cloud-init[662]: ci-info: +++++++++++++++++++Route IPv6 info+++++++++++++++++++
[    7.881498] cloud-init[662]: ci-info: +-------+-------------+---------+-----------+-------+
[    7.882781] cloud-init[662]: ci-info: | Route | Destination | Gateway | Interface | Flags |
[    7.896274] cloud-init[662]: ci-info: +-------+-------------+---------+-----------+-------+
[    7.897549] cloud-init[662]: ci-info: |   1   |  fe80::/64  |    ::   |   enp0s3  |   U   |
[    7.898597] cloud-init[662]: ci-info: |   3   |    local    |    ::   |   enp0s3  |   U   |
[    7.899880] cloud-init[662]: ci-info: |   4   |   ff00::/8  |    ::   |   enp0s3  |   U   |
[    7.900742] cloud-init[662]: ci-info: +-------+-------------+---------+-----------+-------+
[    8.438238] cloud-init[662]: Generating public/private rsa key pair.
[    8.448466] cloud-init[662]: Your identification has been saved in /etc/ssh/ssh_host_rsa_key.
[    8.449222] cloud-init[662]: Your public key has been saved in /etc/ssh/ssh_host_rsa_key.pub.
[    8.450108] cloud-init[662]: The key fingerprint is:
[    8.450921] cloud-init[662]: SHA256:z+AqlU7+ejw8kTuAP54baErORvdnBLR1/2ccsm+Twx8 root@ubuntu-bionic
[    8.452299] cloud-init[662]: The key's randomart image is:
[    8.453193] cloud-init[662]: +---[RSA 2048]----+
[    8.453961] cloud-init[662]: |                 |
[    8.454731] cloud-init[662]: |      . . .      |
[    8.455504] cloud-init[662]: |     . o . .     |
[    8.456288] cloud-init[662]: |      o     .. . |
[    8.457056] cloud-init[662]: |     . oS.   .o..|
[    8.457819] cloud-init[662]: |  . o.=.++   .. +|
[    8.458586] cloud-init[662]: | ...oB.=.oo   oE.|
[    8.459349] cloud-init[662]: | +.o. *+@      B.|
[    8.460112] cloud-init[662]: | .+  o*O.+    . =|
[    8.460882] cloud-init[662]: +----[SHA256]-----+
[    8.461652] cloud-init[662]: Generating public/private dsa key pair.
[    8.462703] cloud-init[662]: Your identification has been saved in /etc/ssh/ssh_host_dsa_key.
[    8.463991] cloud-init[662]: Your public key has been saved in /etc/ssh/ssh_host_dsa_key.pub.
[    8.465268] cloud-init[662]: The key fingerprint is:
[    8.466074] cloud-init[662]: SHA256:4fbQ+1vkp/uQpY9EXDJT9+OGJayF8+8f3AVLvl1Qdyo root@ubuntu-bionic
[    8.467417] cloud-init[662]: The key's randomart image is:
[    8.468323] cloud-init[662]: +---[DSA 1024]----+
[    8.469096] cloud-init[662]: |                *|
[    8.469867] cloud-init[662]: |            o  +=|
[    8.470601] cloud-init[662]: |        .  oE+Ooo|
[    8.480350] cloud-init[662]: |       . o  ===O.|
[[    8.492942] cloud-init[662]: |        S .. o*o+|
[    8.493128] cloud-init[662]: |       . o . ++*+|[0;32m  OK  [0m
] Started Initial cloud-init job (metadata service crawler).
[    8.493374] cloud-init[662]: |          o   O++|
[    8.510615] cloud-init[662]: |           . o.*.|
[[0;32m  OK  [0m[    8.511727] ] cloud-initReached target System Initialization.[662]: 
|            o.++=|
[    8.513201] cloud-init[662]: +----[SHA256]-----+
[[    8.514227] cloud-init[662]: Generating public/private ecdsa key pair.
[    8.514348] cloud-init[662]: Your identification has been saved in /etc/ssh/ssh_host_ecdsa_key.
[    8.514946] cloud-init[662]: Your public key has been saved in /etc/ssh/ssh_host_ecdsa_key.pub.
[    8.515536] cloud-init[662]: The key fingerprint is:
[    8.516569] cloud-init[662]: SHA256:Dgw/kXDy1ByzdlQfxdQnQfJiDu1WDr0uwl7Pp4G/AA4 root@ubuntu-bionic
[    8.517184] cloud-init[662]: The key's randomart image is:
[    8.517894] cloud-init[662]: +---[ECDSA 256]---+
[    8.518691] cloud-init[662]: |    o ooo...o.+=+|
[    8.519494] cloud-init[662]: |     * .o+ . =..+|
[    8.520569] cloud-init[662]: |    . + o o = =..|
[    8.521356] cloud-init[662]: |     + o . = = . |
[    8.522326] cloud-init[662]: |      = E . + o  |
[    8.522998] cloud-init[662]: |       + + o o   |
[    8.523448] cloud-init[662]: |        . + = o  |
[    8.524421] cloud-init[662]: |         . o * ..|
[    8.525090] cloud-init[662]: |          .   *+ |
[    8.525772] cloud-init[662]: +----[SHA256]-----+
[    8.526449] cloud-init[662]: Generating public/private ed25519 key pair.
[    8.527091] cloud-init[662]: Your identification has been saved in /etc/ssh/ssh_host_ed25519_key.
[    8.527675] cloud-init[662]: Your public key has been saved in /etc/ssh/ssh_host_ed25519_key.pub.
[    8.528492] cloud-init[662]: The key fingerprint is:
[    8.529076] cloud-init[662]: SHA256:SrqM/OJj1GRZhsAqdCwKG6bpxhhrUG5Lc4x9Q5hCp5A root@ubuntu-bionic
[    8.529669] cloud-init[662]: The key's randomart image is:
[    8.530262] cloud-init[662]: +--[ED25519 256]--+
[    8.530856] cloud-init[662]: |.++..+           |
[    8.531454] cloud-init[662]: |E=+=+ +          |
[    8.532260] cloud-init[662]: |*B+= =           |
[    8.533052] cloud-init[662]: |X * B o          |
[    8.533607] cloud-init[662]: |*= B ...S        |
[    8.534176] cloud-init[662]: |o=o .o .         |
[    8.534740] cloud-init[662]: |o.  . .          |
[0;32m  OK  [0m] Started Daily apt download activities.
[    8.535129] cloud-init[662]: | .+o .           |
[    8.541870] cloud-init[662]: | o+++            |
[[0;32m  OK  [0m] Listening on ACPID Listen Socket.
[[0;32m  OK  [0m] Started Daily Cleanup of Temporary Directories.
[[0;32m  OK  [0m] Started ACPI Events Check.
[[0;32m  OK  [0m] Reached target Paths.
[    8.556755] cloud-init[662]: +----[SHA256]-----+
[[0;32m  OK  [0m] Listening on D-Bus System Message Bus Socket.
[[0;32m  OK  [0m] Started Daily apt upgrade and clean activities.
         Starting Socket activation for snappy daemon.
[[0;32m  OK  [0m] Listening on Open-iSCSI iscsid Socket.
[[0;32m  OK  [0m] Started Discard unused blocks once a week.
[[0;32m  OK  [0m] Started Message of the Day.
[[0;32m  OK  [0m] Reached target Timers.
         Starting LXD - unix socket.
[[0;32m  OK  [0m] Listening on UUID daemon activation socket.
[[0;32m  OK  [0m] Reached target Network is Online.
         Starting Availability of block devices...
[[0;32m  OK  [0m] Reached target Remote File Systems (Pre).
[[0;32m  OK  [0m] Reached target Remote File Systems.
[[0;32m  OK  [0m] Reached target Cloud-config availability.
[[0;32m  OK  [0m] Listening on Socket activation for snappy daemon.
[[0;32m  OK  [0m] Listening on LXD - unix socket.
[[0;32m  OK  [0m] Started Availability of block devices.
[[0;32m  OK  [0m] Reached target Sockets.
[[0;32m  OK  [0m] Reached target Basic System.
         Starting LSB: Record successful boot for GRUB...
[[0;32m  OK  [0m] Started irqbalance daemon.
         Starting Dispatcher daemon for systemd-networkd...
         Starting Virtualbox guest utils...
[[0;32m  OK  [0m] Started Deferred execution scheduler.
         Starting System Logging Service...
[[0;32m  OK  [0m] Started D-Bus System Message Bus.
         Starting Pollinate to seed the pseudo random number generator...
         Starting LXD - container startup/shutdown...
         Starting Login Service...
         Starting Accounts Service...
[[0;32m  OK  [0m] Started Regular background program processing daemon.
[[0;32m  OK  [0m] Started FUSE filesystem for LXC.
         Starting Permit User Sessions...
         Starting LSB: automatic crash report generation...
         Starting Snappy daemon...
[[0;32m  OK  [0m] Started System Logging Service.
[[0;32m  OK  [0m] Started LXD - container startup/shutdown.
[[0;32m  OK  [0m] Started Permit User Sessions.
[[0;32m  OK  [0m] Started Login Service.
[[0;32m  OK  [0m] Started Dispatcher daemon for systemd-networkd.
         Starting Authorization Manager...
[[0;32m  OK  [0m] Started Unattended Upgrades Shutdown.
         Starting Terminate Plymouth Boot Screen...
         Starting Hold until boot process finishes up...
[[0;32m  OK  [0m] Started Hold until boot process finishes up.
[[0;32m  OK  [0m] Started Serial Getty on ttyS0.
         Starting Set console scheme...
[[0;32m  OK  [0m] Started Terminate Plymouth Boot Screen.
[[0;32m  OK  [0m] Started Set console scheme.
[[0;32m  OK  [0m] Started LSB: automatic crash report generation.
[[0;32m  OK  [0m] Created slice system-getty.slice.
[[0;32m  OK  [0m] Started Getty on tty1.
[[0;32m  OK  [0m] Reached target Login Prompts.
[[0;32m  OK  [0m] Started LSB: Record successful boot for GRUB.
[[0;32m  OK  [0m] Started Virtualbox guest utils.
[[0;32m  OK  [0m] Started Authorization Manager.
[[0;32m  OK  [0m] Started Accounts Service.
[[0;32m  OK  [0m] Started Snappy daemon.
         Starting Wait until snapd is fully seeded...
[[0;32m  OK  [0m] Started Wait until snapd is fully seeded.
         Starting Apply the settings specified in cloud-config...
[   10.267892] cloud-init[1158]: Cloud-init v. 19.1-1-gbaa47854-0ubuntu1~18.04.1 running 'modules:config' at Thu, 25 Jul 2019 09:45:00 +0000. Up 10.03 seconds.
[[0;32m  OK  [0m] Started Apply the settings specified in cloud-config.

Ubuntu 18.04.2 LTS ubuntu-bionic ttyS0

ubuntu-bionic login: ci-info: no authorized ssh keys fingerprints found for user ubuntu.
<14>Jul 25 09:45:06 ec2: 
<14>Jul 25 09:45:06 ec2: #############################################################
<14>Jul 25 09:45:06 ec2: -----BEGIN SSH HOST KEY FINGERPRINTS-----
<14>Jul 25 09:45:06 ec2: 1024 SHA256:4fbQ+1vkp/uQpY9EXDJT9+OGJayF8+8f3AVLvl1Qdyo root@ubuntu-bionic (DSA)
<14>Jul 25 09:45:06 ec2: 256 SHA256:Dgw/kXDy1ByzdlQfxdQnQfJiDu1WDr0uwl7Pp4G/AA4 root@ubuntu-bionic (ECDSA)
<14>Jul 25 09:45:06 ec2: 256 SHA256:SrqM/OJj1GRZhsAqdCwKG6bpxhhrUG5Lc4x9Q5hCp5A root@ubuntu-bionic (ED25519)
<14>Jul 25 09:45:06 ec2: 2048 SHA256:z+AqlU7+ejw8kTuAP54baErORvdnBLR1/2ccsm+Twx8 root@ubuntu-bionic (RSA)
<14>Jul 25 09:45:06 ec2: -----END SSH HOST KEY FINGERPRINTS-----
<14>Jul 25 09:45:06 ec2: #############################################################
-----BEGIN SSH HOST KEY KEYS-----
ecdsa-sha2-nistp256 AAAAE2VjZHNhLXNoYTItbmlzdHAyNTYAAAAIbmlzdHAyNTYAAABBBOyk83Q2T112xPjKi7KAoxaun8Mqe8qrvmqAuPFFf8mR3SnMGcbuGuePfBwRztPca1K3cgz38RF9YnOXX0/WQ6o= root@ubuntu-bionic
ssh-ed25519 AAAAC3NzaC1lZDI1NTE5AAAAILINeziGQjf2wqsvtKyaTxlNUQopF0kGRjcEc1+kD/jf root@ubuntu-bionic
ssh-rsa AAAAB3NzaC1yc2EAAAADAQABAAABAQC0D8GegUaiY8UNxKrPhmv7QHNVfv++A6bid7KIQj/xx3zIy+rdGjU9qhjLNYdlSJRXGcnpp5HzDo3uPkBHc7GZ5o0ohPnYK5cIHBxSSElLDM0F5wM5skCOLJSzKzz1di82ftOK0fAWnyMUw+lRz0WY3sICdIDs6xbdn8yhDnHkIYk2PxOcx1JkAGcM6SZQ7OoxKXorP09jG6EHHN9tEVeV0p1VFOmKYqLpr9Jik6ysnny7bghu1cXWVxzn7vsOhqYL/ctTeFRtMBjOKXQSI3M5CIQIhZdoigJ5Na0j7oQW9CV3jWVnZVJvLinGAqYsCIeXvjsx98e1KWRAhghWZ1sL root@ubuntu-bionic
-----END SSH HOST KEY KEYS-----
[   15.228900] cloud-init[1255]: Cloud-init v. 19.1-1-gbaa47854-0ubuntu1~18.04.1 running 'modules:final' at Thu, 25 Jul 2019 09:45:05 +0000. Up 15.07 seconds.
[   15.228963] cloud-init[1255]: ci-info: no authorized ssh keys fingerprints found for user ubuntu.
[   15.229536] cloud-init[1255]: Cloud-init v. 19.1-1-gbaa47854-0ubuntu1~18.04.1 finished at Thu, 25 Jul 2019 09:45:06 +0000. Datasource DataSourceNoCloud [seed=/dev/sdb][dsmode=net].  Up 15.22 seconds
